[debug] [2018-12-19T18:06:57.920Z] ----------------------------------------------------------------------
[debug] [2018-12-19T18:06:57.922Z] Command:       /usr/bin/node /usr/local/bin/firebase deploy --only functions
[debug] [2018-12-19T18:06:57.922Z] CLI Version:   6.1.2
[debug] [2018-12-19T18:06:57.922Z] Platform:      linux
[debug] [2018-12-19T18:06:57.922Z] Node Version:  v8.10.0
[debug] [2018-12-19T18:06:57.923Z] Time:          Wed Dec 19 2018 16:06:57 GMT-0200 (-02)
[debug] [2018-12-19T18:06:57.923Z] ----------------------------------------------------------------------
[debug] 
[debug] [2018-12-19T18:06:57.934Z] > command requires scopes: ["email","openid","https://www.googleapis.com/auth/cloudplatformprojects.readonly","https://www.googleapis.com/auth/firebase","https://www.googleapis.com/auth/cloud-platform"]
[debug] [2018-12-19T18:06:57.934Z] > authorizing via signed-in user
[debug] [2018-12-19T18:06:57.934Z] [iam] checking project net-ninja-marioplan-96b5e for permissions ["cloudfunctions.functions.create","cloudfunctions.functions.delete","cloudfunctions.functions.get","cloudfunctions.functions.list","cloudfunctions.functions.update","cloudfunctions.operations.get","firebase.projects.get"]
[debug] [2018-12-19T18:06:57.936Z] >>> HTTP REQUEST POST https://cloudresourcemanager.googleapis.com/v1/projects/net-ninja-marioplan-96b5e:testIamPermissions  

[debug] [2018-12-19T18:10:52.592Z] ----------------------------------------------------------------------
[debug] [2018-12-19T18:10:52.595Z] Command:       /usr/bin/node /usr/local/bin/firebase deploy --only functions
[debug] [2018-12-19T18:10:52.595Z] CLI Version:   6.1.2
[debug] [2018-12-19T18:10:52.595Z] Platform:      linux
[debug] [2018-12-19T18:10:52.595Z] Node Version:  v8.10.0
[debug] [2018-12-19T18:10:52.595Z] Time:          Wed Dec 19 2018 16:10:52 GMT-0200 (-02)
[debug] [2018-12-19T18:10:52.595Z] ----------------------------------------------------------------------
[debug] 
[debug] [2018-12-19T18:10:52.604Z] > command requires scopes: ["email","openid","https://www.googleapis.com/auth/cloudplatformprojects.readonly","https://www.googleapis.com/auth/firebase","https://www.googleapis.com/auth/cloud-platform"]
[debug] [2018-12-19T18:10:52.605Z] > authorizing via signed-in user
[debug] [2018-12-19T18:10:52.605Z] [iam] checking project net-ninja-marioplan-96b5e for permissions ["cloudfunctions.functions.create","cloudfunctions.functions.delete","cloudfunctions.functions.get","cloudfunctions.functions.list","cloudfunctions.functions.update","cloudfunctions.operations.get","firebase.projects.get"]
[debug] [2018-12-19T18:10:52.607Z] >>> HTTP REQUEST POST https://cloudresourcemanager.googleapis.com/v1/projects/net-ninja-marioplan-96b5e:testIamPermissions  

[debug] [2018-12-19T18:10:53.327Z] <<< HTTP RESPONSE 200
[info] 
[info] === Deploying to 'net-ninja-marioplan-96b5e'...
[info] 
[info] i  deploying functions
[debug] [2018-12-19T18:10:56.189Z] > [functions] package.json contents: {
  "name": "functions",
  "description": "Cloud Functions for Firebase",
  "scripts": {
    "serve": "firebase serve --only functions",
    "shell": "firebase functions:shell",
    "start": "npm run shell",
    "deploy": "firebase deploy --only functions",
    "logs": "firebase functions:log"
  },
  "dependencies": {
    "firebase-admin": "~6.0.0",
    "firebase-functions": "^2.1.0"
  },
  "private": true
}
[info] i  functions: ensuring necessary APIs are enabled...
[debug] [2018-12-19T18:10:56.190Z] >>> HTTP REQUEST GET https://servicemanagement.googleapis.com/v1/services/cloudfunctions.googleapis.com/projectSettings/net-ninja-marioplan-96b5e?view=CONSUMER_VIEW  
 
[debug] [2018-12-19T18:10:56.191Z] >>> HTTP REQUEST GET https://servicemanagement.googleapis.com/v1/services/runtimeconfig.googleapis.com/projectSettings/net-ninja-marioplan-96b5e?view=CONSUMER_VIEW  
 
[debug] [2018-12-19T18:10:59.485Z] <<< HTTP RESPONSE 200
[debug] [2018-12-19T18:10:59.697Z] <<< HTTP RESPONSE 200
[info] ✔  functions: all necessary APIs are enabled
[debug] [2018-12-19T18:10:59.699Z] >>> HTTP REQUEST GET https://cloudresourcemanager.googleapis.com/v1/projects/net-ninja-marioplan-96b5e  
 
[debug] [2018-12-19T18:11:00.233Z] <<< HTTP RESPONSE 200
[debug] [2018-12-19T18:11:00.234Z] >>> HTTP REQUEST GET https://mobilesdk-pa.googleapis.com/v1/projects/552260918318:getServerAppConfig  
 
[debug] [2018-12-19T18:11:01.013Z] <<< HTTP RESPONSE 200
[info] i  functions: preparing functions directory for uploading...
[debug] [2018-12-19T18:11:01.017Z] >>> HTTP REQUEST GET https://runtimeconfig.googleapis.com/v1beta1/projects/net-ninja-marioplan-96b5e/configs  
 
[debug] [2018-12-19T18:11:02.422Z] <<< HTTP RESPONSE 200
[info] i  functions: packaged functions (915 B) for uploading
[debug] [2018-12-19T18:11:02.970Z] >>> HTTP REQUEST POST https://cloudfunctions.googleapis.com/v1/projects/net-ninja-marioplan-96b5e/locations/us-central1/functions:generateUploadUrl  
 
[info] 

There was an issue deploying your functions. Verify that your project has a Google App Engine instance setup at https://console.cloud.google.com/appengine and try again. If this issue persists, please contact support.
[warn] ⚠  functions: Upload Error: Server Error. connect ETIMEDOUT 64.233.185.95:443
[debug] [2018-12-19T18:13:15.247Z] Error: connect ETIMEDOUT 64.233.185.95:443
    at Object._errnoException (util.js:1022:11)
    at _exceptionWithHostPort (util.js:1044:20)
    at TCPConnectWrap.afterConnect [as oncomplete] (net.js:1198:14)
[error] 
[error] Error: Server Error. connect ETIMEDOUT 64.233.185.95:443
[debug] [2018-12-19T18:13:28.005Z] ----------------------------------------------------------------------
[debug] [2018-12-19T18:13:28.008Z] Command:       /usr/bin/node /usr/local/bin/firebase deploy --only functions
[debug] [2018-12-19T18:13:28.008Z] CLI Version:   6.1.2
[debug] [2018-12-19T18:13:28.008Z] Platform:      linux
[debug] [2018-12-19T18:13:28.008Z] Node Version:  v8.10.0
[debug] [2018-12-19T18:13:28.008Z] Time:          Wed Dec 19 2018 16:13:28 GMT-0200 (-02)
[debug] [2018-12-19T18:13:28.008Z] ----------------------------------------------------------------------
[debug] 
[debug] [2018-12-19T18:13:28.017Z] > command requires scopes: ["email","openid","https://www.googleapis.com/auth/cloudplatformprojects.readonly","https://www.googleapis.com/auth/firebase","https://www.googleapis.com/auth/cloud-platform"]
[debug] [2018-12-19T18:13:28.018Z] > authorizing via signed-in user
[debug] [2018-12-19T18:13:28.018Z] [iam] checking project net-ninja-marioplan-96b5e for permissions ["cloudfunctions.functions.create","cloudfunctions.functions.delete","cloudfunctions.functions.get","cloudfunctions.functions.list","cloudfunctions.functions.update","cloudfunctions.operations.get","firebase.projects.get"]
[debug] [2018-12-19T18:13:28.020Z] >>> HTTP REQUEST POST https://cloudresourcemanager.googleapis.com/v1/projects/net-ninja-marioplan-96b5e:testIamPermissions  

[debug] [2018-12-19T18:13:28.722Z] <<< HTTP RESPONSE 200
[info] 
[info] === Deploying to 'net-ninja-marioplan-96b5e'...
[info] 
[info] i  deploying functions
[debug] [2018-12-19T18:13:30.861Z] > [functions] package.json contents: {
  "name": "functions",
  "description": "Cloud Functions for Firebase",
  "scripts": {
    "serve": "firebase serve --only functions",
    "shell": "firebase functions:shell",
    "start": "npm run shell",
    "deploy": "firebase deploy --only functions",
    "logs": "firebase functions:log"
  },
  "dependencies": {
    "firebase-admin": "~6.0.0",
    "firebase-functions": "^2.1.0"
  },
  "private": true
}
[info] i  functions: ensuring necessary APIs are enabled...
[debug] [2018-12-19T18:13:30.862Z] >>> HTTP REQUEST GET https://servicemanagement.googleapis.com/v1/services/cloudfunctions.googleapis.com/projectSettings/net-ninja-marioplan-96b5e?view=CONSUMER_VIEW  
 
[debug] [2018-12-19T18:13:30.864Z] >>> HTTP REQUEST GET https://servicemanagement.googleapis.com/v1/services/runtimeconfig.googleapis.com/projectSettings/net-ninja-marioplan-96b5e?view=CONSUMER_VIEW  
 
[debug] [2018-12-19T18:13:31.983Z] <<< HTTP RESPONSE 200
[debug] [2018-12-19T18:13:32.185Z] <<< HTTP RESPONSE 200
[info] ✔  functions: all necessary APIs are enabled
[debug] [2018-12-19T18:13:32.187Z] >>> HTTP REQUEST GET https://cloudresourcemanager.googleapis.com/v1/projects/net-ninja-marioplan-96b5e  
 
[debug] [2018-12-19T18:13:32.720Z] <<< HTTP RESPONSE 200
[debug] [2018-12-19T18:13:32.720Z] >>> HTTP REQUEST GET https://mobilesdk-pa.googleapis.com/v1/projects/552260918318:getServerAppConfig  
 
[debug] [2018-12-19T18:13:33.343Z] <<< HTTP RESPONSE 200
[info] i  functions: preparing functions directory for uploading...
[debug] [2018-12-19T18:13:33.346Z] >>> HTTP REQUEST GET https://runtimeconfig.googleapis.com/v1beta1/projects/net-ninja-marioplan-96b5e/configs  
 
[debug] [2018-12-19T18:13:34.143Z] <<< HTTP RESPONSE 200
[info] i  functions: packaged functions (915 B) for uploading
[debug] [2018-12-19T18:13:34.667Z] >>> HTTP REQUEST POST https://cloudfunctions.googleapis.com/v1/projects/net-ninja-marioplan-96b5e/locations/us-central1/functions:generateUploadUrl  
 
[info] 

There was an issue deploying your functions. Verify that your project has a Google App Engine instance setup at https://console.cloud.google.com/appengine and try again. If this issue persists, please contact support.
[warn] ⚠  functions: Upload Error: Server Error. connect ETIMEDOUT 108.177.122.95:443
[debug] [2018-12-19T18:15:46.652Z] Error: connect ETIMEDOUT 108.177.122.95:443
    at Object._errnoException (util.js:1022:11)
    at _exceptionWithHostPort (util.js:1044:20)
    at TCPConnectWrap.afterConnect [as oncomplete] (net.js:1198:14)
[error] 
[error] Error: Server Error. connect ETIMEDOUT 108.177.122.95:443
[debug] [2018-12-19T18:17:28.008Z] ----------------------------------------------------------------------
[debug] [2018-12-19T18:17:28.010Z] Command:       /usr/bin/node /usr/local/bin/firebase deploy --only functions
[debug] [2018-12-19T18:17:28.010Z] CLI Version:   6.1.2
[debug] [2018-12-19T18:17:28.011Z] Platform:      linux
[debug] [2018-12-19T18:17:28.011Z] Node Version:  v8.10.0
[debug] [2018-12-19T18:17:28.011Z] Time:          Wed Dec 19 2018 16:17:28 GMT-0200 (-02)
[debug] [2018-12-19T18:17:28.011Z] ----------------------------------------------------------------------
[debug] 
[debug] [2018-12-19T18:17:28.020Z] > command requires scopes: ["email","openid","https://www.googleapis.com/auth/cloudplatformprojects.readonly","https://www.googleapis.com/auth/firebase","https://www.googleapis.com/auth/cloud-platform"]
[debug] [2018-12-19T18:17:28.020Z] > authorizing via signed-in user
[debug] [2018-12-19T18:17:28.020Z] [iam] checking project net-ninja-marioplan-96b5e for permissions ["cloudfunctions.functions.create","cloudfunctions.functions.delete","cloudfunctions.functions.get","cloudfunctions.functions.list","cloudfunctions.functions.update","cloudfunctions.operations.get","firebase.projects.get"]
[debug] [2018-12-19T18:17:28.022Z] >>> HTTP REQUEST POST https://cloudresourcemanager.googleapis.com/v1/projects/net-ninja-marioplan-96b5e:testIamPermissions  

